15:51:09 INFO  : Registering command handlers for SDK TCF services
15:51:09 INFO  : Launching XSCT server: xsct.bat -interactive C:\Users\10695\Desktop\proj5\proj5.sdk\temp_xsdb_launch_script.tcl
15:51:11 INFO  : XSCT server has started successfully.
15:51:11 INFO  : Successfully done setting XSCT server connection channel  
15:51:14 INFO  : Successfully done setting SDK workspace  
15:51:14 INFO  : Processing command line option -hwspec C:/Users/10695/Desktop/proj5/proj5.sdk/lwip_server_wrapper.hdf.
15:53:40 INFO  : Refreshed build settings on project echo_server
15:54:03 INFO  : Refreshed build settings on project echo_server
15:59:19 INFO  : Refreshed build settings on project echo_server
21:37:46 INFO  : 'targets -set -filter {jtag_cable_name =~ "Digilent Nexys Video 210276723614B" && level==0} -index 0' command is executed.
21:37:46 INFO  : 'fpga -state' command is executed.
21:37:46 INFO  : Connected to target on host '127.0.0.1' and port '3121'.
21:37:46 INFO  : Jtag cable 'Digilent Nexys Video 210276723614B' is selected.
21:37:46 INFO  : 'jtag frequency' command is executed.
21:37:46 INFO  : 'configparams mdm-detect-bscan-mask 2' command is executed.
21:37:46 INFO  : ----------------XSDB Script----------------
connect -url tcp:127.0.0.1:3121
configparams mdm-detect-bscan-mask 2
----------------End of Script----------------

21:37:46 INFO  : Disconnected from the channel tcfchan#1.
21:38:21 INFO  : 'targets -set -filter {jtag_cable_name =~ "Digilent Nexys Video 210276723614B" && level==0} -index 0' command is executed.
21:38:21 INFO  : 'fpga -state' command is executed.
21:38:21 INFO  : Connected to target on host '127.0.0.1' and port '3121'.
21:38:21 INFO  : Jtag cable 'Digilent Nexys Video 210276723614B' is selected.
21:38:21 INFO  : 'jtag frequency' command is executed.
21:38:21 INFO  : 'configparams mdm-detect-bscan-mask 2' command is executed.
21:38:21 INFO  : ----------------XSDB Script----------------
connect -url tcp:127.0.0.1:3121
configparams mdm-detect-bscan-mask 2
----------------End of Script----------------

21:38:21 INFO  : Disconnected from the channel tcfchan#2.
21:39:01 INFO  : 'targets -set -filter {jtag_cable_name =~ "Digilent Nexys Video 210276723614B" && level==0} -index 0' command is executed.
21:39:01 INFO  : 'fpga -state' command is executed.
21:39:01 INFO  : Connected to target on host '127.0.0.1' and port '3121'.
21:39:01 INFO  : Jtag cable 'Digilent Nexys Video 210276723614B' is selected.
21:39:01 INFO  : 'jtag frequency' command is executed.
21:39:01 INFO  : 'configparams mdm-detect-bscan-mask 2' command is executed.
21:39:01 INFO  : ----------------XSDB Script----------------
connect -url tcp:127.0.0.1:3121
configparams mdm-detect-bscan-mask 2
----------------End of Script----------------

21:39:01 INFO  : Disconnected from the channel tcfchan#3.
21:40:41 INFO  : 'targets -set -filter {jtag_cable_name =~ "Digilent Nexys Video 210276723614B" && level==0} -index 0' command is executed.
21:40:41 INFO  : 'fpga -state' command is executed.
21:40:41 INFO  : Connected to target on host '127.0.0.1' and port '3121'.
21:40:41 INFO  : Jtag cable 'Digilent Nexys Video 210276723614B' is selected.
21:40:41 INFO  : 'jtag frequency' command is executed.
21:40:41 INFO  : 'configparams mdm-detect-bscan-mask 2' command is executed.
21:40:41 INFO  : ----------------XSDB Script----------------
connect -url tcp:127.0.0.1:3121
configparams mdm-detect-bscan-mask 2
----------------End of Script----------------

21:40:41 INFO  : Disconnected from the channel tcfchan#4.
21:41:19 INFO  : 'targets -set -filter {jtag_cable_name =~ "Digilent Nexys Video 210276723614B" && level==0} -index 0' command is executed.
21:41:19 INFO  : 'fpga -state' command is executed.
21:41:19 INFO  : Connected to target on host '127.0.0.1' and port '3121'.
21:41:19 INFO  : Jtag cable 'Digilent Nexys Video 210276723614B' is selected.
21:41:19 INFO  : 'jtag frequency' command is executed.
21:41:19 INFO  : 'configparams mdm-detect-bscan-mask 2' command is executed.
21:41:19 INFO  : Context for processor 'microblaze_0' is selected.
21:41:20 INFO  : Processor reset is completed for 'microblaze_0'.
21:41:20 INFO  : Context for processor 'microblaze_0' is selected.
21:41:20 INFO  : The application 'C:/Users/10695/Desktop/proj5/proj5.sdk/echo_server/Debug/echo_server.elf' is downloaded to processor 'microblaze_0'.
21:41:20 INFO  : ----------------XSDB Script----------------
connect -url tcp:127.0.0.1:3121
configparams mdm-detect-bscan-mask 2
targets -set -nocase -filter {name =~ "microblaze*#0" && bscan=="USER2"  && jtag_cable_name =~ "Digilent Nexys Video 210276723614B"} -index 0
rst -processor
targets -set -nocase -filter {name =~ "microblaze*#0" && bscan=="USER2"  && jtag_cable_name =~ "Digilent Nexys Video 210276723614B"} -index 0
dow C:/Users/10695/Desktop/proj5/proj5.sdk/echo_server/Debug/echo_server.elf
----------------End of Script----------------

21:41:20 INFO  : Context for processor 'microblaze_0' is selected.
21:41:20 INFO  : 'con' command is executed.
21:41:20 INFO  : ----------------XSDB Script (After Launch)----------------
targets -set -nocase -filter {name =~ "microblaze*#0" && bscan=="USER2"  && jtag_cable_name =~ "Digilent Nexys Video 210276723614B"} -index 0
con
----------------End of Script----------------

21:41:20 INFO  : Disconnected from the channel tcfchan#5.
21:48:00 INFO  : Registering command handlers for SDK TCF services
21:48:01 INFO  : Launching XSCT server: xsct.bat -interactive C:\Users\10695\Desktop\proj5\proj5.sdk\temp_xsdb_launch_script.tcl
21:48:03 INFO  : XSCT server has started successfully.
22:01:59 INFO  : Registering command handlers for SDK TCF services
22:02:00 INFO  : Launching XSCT server: xsct.bat -interactive C:\Users\10695\Desktop\proj5\proj5.sdk\temp_xsdb_launch_script.tcl
22:02:02 INFO  : XSCT server has started successfully.
22:02:04 INFO  : Successfully done setting XSCT server connection channel  
22:02:04 INFO  : Successfully done setting SDK workspace  
22:02:04 INFO  : Processing command line option -hwspec C:/Users/10695/Desktop/proj5/proj5.sdk/lwip_server_wrapper.hdf.
22:02:04 INFO  : Checking for hwspec changes in the project lwip_server_wrapper_hw_platform_0.
22:02:07 INFO  : SDK has detected change in the last modified timestamps for source hardware specification file Source:1738033251159,  Project:1738010684062
22:02:07 INFO  : The hardware specification for project 'lwip_server_wrapper_hw_platform_0' is different from C:/Users/10695/Desktop/proj5/proj5.sdk/lwip_server_wrapper.hdf.
22:02:08 INFO  : Copied contents of C:/Users/10695/Desktop/proj5/proj5.sdk/lwip_server_wrapper.hdf into \lwip_server_wrapper_hw_platform_0\system.hdf.
22:02:19 INFO  : Synchronizing projects in the workspace with the hardware platform specification changes.
22:02:25 INFO  : 
22:02:25 INFO  : Updating hardware inferred compiler options for echo_server.
22:02:26 INFO  : Clearing existing target manager status.
22:03:26 INFO  : 'targets -set -filter {jtag_cable_name =~ "Digilent Nexys Video 210276723614B" && level==0} -index 0' command is executed.
22:03:26 INFO  : 'fpga -state' command is executed.
22:03:26 INFO  : Connected to target on host '127.0.0.1' and port '3121'.
22:03:26 INFO  : Jtag cable 'Digilent Nexys Video 210276723614B' is selected.
22:03:26 INFO  : 'jtag frequency' command is executed.
22:03:26 INFO  : 'configparams mdm-detect-bscan-mask 2' command is executed.
22:03:26 INFO  : Context for processor 'microblaze_0' is selected.
22:03:26 INFO  : Processor reset is completed for 'microblaze_0'.
22:03:26 INFO  : Context for processor 'microblaze_0' is selected.
22:03:26 INFO  : The application 'C:/Users/10695/Desktop/proj5/proj5.sdk/echo_server/Debug/echo_server.elf' is downloaded to processor 'microblaze_0'.
22:03:26 INFO  : ----------------XSDB Script----------------
connect -url tcp:127.0.0.1:3121
configparams mdm-detect-bscan-mask 2
targets -set -nocase -filter {name =~ "microblaze*#0" && bscan=="USER2"  && jtag_cable_name =~ "Digilent Nexys Video 210276723614B"} -index 0
rst -processor
targets -set -nocase -filter {name =~ "microblaze*#0" && bscan=="USER2"  && jtag_cable_name =~ "Digilent Nexys Video 210276723614B"} -index 0
dow C:/Users/10695/Desktop/proj5/proj5.sdk/echo_server/Debug/echo_server.elf
----------------End of Script----------------

22:03:27 INFO  : Context for processor 'microblaze_0' is selected.
22:03:27 INFO  : 'con' command is executed.
22:03:27 INFO  : ----------------XSDB Script (After Launch)----------------
targets -set -nocase -filter {name =~ "microblaze*#0" && bscan=="USER2"  && jtag_cable_name =~ "Digilent Nexys Video 210276723614B"} -index 0
con
----------------End of Script----------------

22:03:27 INFO  : Disconnected from the channel tcfchan#1.
22:11:35 INFO  : 'targets -set -filter {jtag_cable_name =~ "Digilent Nexys Video 210276723614B" && level==0} -index 0' command is executed.
22:11:35 INFO  : 'fpga -state' command is executed.
22:11:35 INFO  : Connected to target on host '127.0.0.1' and port '3121'.
22:11:36 INFO  : Jtag cable 'Digilent Nexys Video 210276723614B' is selected.
22:11:36 INFO  : 'jtag frequency' command is executed.
22:11:36 INFO  : 'configparams mdm-detect-bscan-mask 2' command is executed.
22:11:36 INFO  : Context for processor 'microblaze_0' is selected.
22:11:36 INFO  : Processor reset is completed for 'microblaze_0'.
22:11:36 INFO  : Context for processor 'microblaze_0' is selected.
22:11:36 INFO  : The application 'C:/Users/10695/Desktop/proj5/proj5.sdk/echo_server/Debug/echo_server.elf' is downloaded to processor 'microblaze_0'.
22:11:36 INFO  : ----------------XSDB Script----------------
connect -url tcp:127.0.0.1:3121
configparams mdm-detect-bscan-mask 2
targets -set -nocase -filter {name =~ "microblaze*#0" && bscan=="USER2"  && jtag_cable_name =~ "Digilent Nexys Video 210276723614B"} -index 0
rst -processor
targets -set -nocase -filter {name =~ "microblaze*#0" && bscan=="USER2"  && jtag_cable_name =~ "Digilent Nexys Video 210276723614B"} -index 0
dow C:/Users/10695/Desktop/proj5/proj5.sdk/echo_server/Debug/echo_server.elf
----------------End of Script----------------

22:11:36 INFO  : Context for processor 'microblaze_0' is selected.
22:11:36 INFO  : 'con' command is executed.
22:11:36 INFO  : ----------------XSDB Script (After Launch)----------------
targets -set -nocase -filter {name =~ "microblaze*#0" && bscan=="USER2"  && jtag_cable_name =~ "Digilent Nexys Video 210276723614B"} -index 0
con
----------------End of Script----------------

22:11:36 INFO  : Disconnected from the channel tcfchan#2.
22:13:25 INFO  : 'targets -set -filter {jtag_cable_name =~ "Digilent Nexys Video 210276723614B" && level==0} -index 0' command is executed.
22:13:25 INFO  : 'fpga -state' command is executed.
22:13:25 INFO  : Connected to target on host '127.0.0.1' and port '3121'.
22:13:25 INFO  : Jtag cable 'Digilent Nexys Video 210276723614B' is selected.
22:13:25 INFO  : 'jtag frequency' command is executed.
22:13:25 INFO  : 'configparams mdm-detect-bscan-mask 2' command is executed.
22:13:25 INFO  : Context for processor 'microblaze_0' is selected.
22:13:25 INFO  : Processor reset is completed for 'microblaze_0'.
22:13:25 INFO  : Context for processor 'microblaze_0' is selected.
22:13:26 INFO  : The application 'C:/Users/10695/Desktop/proj5/proj5.sdk/echo_server/Debug/echo_server.elf' is downloaded to processor 'microblaze_0'.
22:13:26 INFO  : ----------------XSDB Script----------------
connect -url tcp:127.0.0.1:3121
configparams mdm-detect-bscan-mask 2
targets -set -nocase -filter {name =~ "microblaze*#0" && bscan=="USER2"  && jtag_cable_name =~ "Digilent Nexys Video 210276723614B"} -index 0
rst -processor
targets -set -nocase -filter {name =~ "microblaze*#0" && bscan=="USER2"  && jtag_cable_name =~ "Digilent Nexys Video 210276723614B"} -index 0
dow C:/Users/10695/Desktop/proj5/proj5.sdk/echo_server/Debug/echo_server.elf
----------------End of Script----------------

22:13:26 INFO  : Context for processor 'microblaze_0' is selected.
22:13:26 INFO  : 'con' command is executed.
22:13:26 INFO  : ----------------XSDB Script (After Launch)----------------
targets -set -nocase -filter {name =~ "microblaze*#0" && bscan=="USER2"  && jtag_cable_name =~ "Digilent Nexys Video 210276723614B"} -index 0
con
----------------End of Script----------------

22:13:26 INFO  : Disconnected from the channel tcfchan#3.
22:14:02 INFO  : 'targets -set -filter {jtag_cable_name =~ "Digilent Nexys Video 210276723614B" && level==0} -index 0' command is executed.
22:14:02 INFO  : 'fpga -state' command is executed.
22:14:02 INFO  : Connected to target on host '127.0.0.1' and port '3121'.
22:14:02 INFO  : Jtag cable 'Digilent Nexys Video 210276723614B' is selected.
22:14:02 INFO  : 'jtag frequency' command is executed.
22:14:02 INFO  : 'configparams mdm-detect-bscan-mask 2' command is executed.
22:14:02 INFO  : Context for processor 'microblaze_0' is selected.
22:14:03 INFO  : Processor reset is completed for 'microblaze_0'.
22:14:03 INFO  : Context for processor 'microblaze_0' is selected.
22:14:03 INFO  : The application 'C:/Users/10695/Desktop/proj5/proj5.sdk/echo_server/Debug/echo_server.elf' is downloaded to processor 'microblaze_0'.
22:14:03 INFO  : ----------------XSDB Script----------------
connect -url tcp:127.0.0.1:3121
configparams mdm-detect-bscan-mask 2
targets -set -nocase -filter {name =~ "microblaze*#0" && bscan=="USER2"  && jtag_cable_name =~ "Digilent Nexys Video 210276723614B"} -index 0
rst -processor
targets -set -nocase -filter {name =~ "microblaze*#0" && bscan=="USER2"  && jtag_cable_name =~ "Digilent Nexys Video 210276723614B"} -index 0
dow C:/Users/10695/Desktop/proj5/proj5.sdk/echo_server/Debug/echo_server.elf
----------------End of Script----------------

22:14:03 INFO  : Context for processor 'microblaze_0' is selected.
22:14:03 INFO  : 'con' command is executed.
22:14:03 INFO  : ----------------XSDB Script (After Launch)----------------
targets -set -nocase -filter {name =~ "microblaze*#0" && bscan=="USER2"  && jtag_cable_name =~ "Digilent Nexys Video 210276723614B"} -index 0
con
----------------End of Script----------------

22:14:03 INFO  : Disconnected from the channel tcfchan#4.
22:15:28 INFO  : 'targets -set -filter {jtag_cable_name =~ "Digilent Nexys Video 210276723614B" && level==0} -index 0' command is executed.
22:15:28 INFO  : 'fpga -state' command is executed.
22:15:28 INFO  : Connected to target on host '127.0.0.1' and port '3121'.
22:15:28 INFO  : Jtag cable 'Digilent Nexys Video 210276723614B' is selected.
22:15:28 INFO  : 'jtag frequency' command is executed.
22:15:28 INFO  : 'configparams mdm-detect-bscan-mask 2' command is executed.
22:15:28 INFO  : Context for processor 'microblaze_0' is selected.
22:15:29 INFO  : Processor reset is completed for 'microblaze_0'.
22:15:29 INFO  : Context for processor 'microblaze_0' is selected.
22:15:29 INFO  : The application 'C:/Users/10695/Desktop/proj5/proj5.sdk/echo_server/Debug/echo_server.elf' is downloaded to processor 'microblaze_0'.
22:15:29 INFO  : ----------------XSDB Script----------------
connect -url tcp:127.0.0.1:3121
configparams mdm-detect-bscan-mask 2
targets -set -nocase -filter {name =~ "microblaze*#0" && bscan=="USER2"  && jtag_cable_name =~ "Digilent Nexys Video 210276723614B"} -index 0
rst -processor
targets -set -nocase -filter {name =~ "microblaze*#0" && bscan=="USER2"  && jtag_cable_name =~ "Digilent Nexys Video 210276723614B"} -index 0
dow C:/Users/10695/Desktop/proj5/proj5.sdk/echo_server/Debug/echo_server.elf
----------------End of Script----------------

22:15:29 INFO  : Context for processor 'microblaze_0' is selected.
22:15:29 INFO  : 'con' command is executed.
22:15:29 INFO  : ----------------XSDB Script (After Launch)----------------
targets -set -nocase -filter {name =~ "microblaze*#0" && bscan=="USER2"  && jtag_cable_name =~ "Digilent Nexys Video 210276723614B"} -index 0
con
----------------End of Script----------------

22:15:29 INFO  : Disconnected from the channel tcfchan#5.
22:18:16 INFO  : 'targets -set -filter {jtag_cable_name =~ "Digilent Nexys Video 210276723614B" && level==0} -index 0' command is executed.
22:18:16 INFO  : 'fpga -state' command is executed.
22:18:16 INFO  : Connected to target on host '127.0.0.1' and port '3121'.
22:18:16 INFO  : Jtag cable 'Digilent Nexys Video 210276723614B' is selected.
22:18:16 INFO  : 'jtag frequency' command is executed.
22:18:16 INFO  : 'configparams mdm-detect-bscan-mask 2' command is executed.
22:18:16 INFO  : Context for processor 'microblaze_0' is selected.
22:18:16 INFO  : Processor reset is completed for 'microblaze_0'.
22:18:16 INFO  : Context for processor 'microblaze_0' is selected.
22:18:17 INFO  : The application 'C:/Users/10695/Desktop/proj5/proj5.sdk/echo_server/Debug/echo_server.elf' is downloaded to processor 'microblaze_0'.
22:18:17 INFO  : ----------------XSDB Script----------------
connect -url tcp:127.0.0.1:3121
configparams mdm-detect-bscan-mask 2
targets -set -nocase -filter {name =~ "microblaze*#0" && bscan=="USER2"  && jtag_cable_name =~ "Digilent Nexys Video 210276723614B"} -index 0
rst -processor
targets -set -nocase -filter {name =~ "microblaze*#0" && bscan=="USER2"  && jtag_cable_name =~ "Digilent Nexys Video 210276723614B"} -index 0
dow C:/Users/10695/Desktop/proj5/proj5.sdk/echo_server/Debug/echo_server.elf
----------------End of Script----------------

22:18:17 INFO  : Context for processor 'microblaze_0' is selected.
22:18:17 INFO  : 'con' command is executed.
22:18:17 INFO  : ----------------XSDB Script (After Launch)----------------
targets -set -nocase -filter {name =~ "microblaze*#0" && bscan=="USER2"  && jtag_cable_name =~ "Digilent Nexys Video 210276723614B"} -index 0
con
----------------End of Script----------------

22:18:17 INFO  : Disconnected from the channel tcfchan#6.
22:20:09 INFO  : 'targets -set -filter {jtag_cable_name =~ "Digilent Nexys Video 210276723614B" && level==0} -index 0' command is executed.
22:20:09 INFO  : 'fpga -state' command is executed.
22:20:09 INFO  : Connected to target on host '127.0.0.1' and port '3121'.
22:20:09 INFO  : Jtag cable 'Digilent Nexys Video 210276723614B' is selected.
22:20:09 INFO  : 'jtag frequency' command is executed.
22:20:09 INFO  : 'configparams mdm-detect-bscan-mask 2' command is executed.
22:20:09 INFO  : Context for processor 'microblaze_0' is selected.
22:20:09 INFO  : Processor reset is completed for 'microblaze_0'.
22:20:09 INFO  : Context for processor 'microblaze_0' is selected.
22:20:10 INFO  : The application 'C:/Users/10695/Desktop/proj5/proj5.sdk/echo_server/Debug/echo_server.elf' is downloaded to processor 'microblaze_0'.
22:20:10 INFO  : ----------------XSDB Script----------------
connect -url tcp:127.0.0.1:3121
configparams mdm-detect-bscan-mask 2
targets -set -nocase -filter {name =~ "microblaze*#0" && bscan=="USER2"  && jtag_cable_name =~ "Digilent Nexys Video 210276723614B"} -index 0
rst -processor
targets -set -nocase -filter {name =~ "microblaze*#0" && bscan=="USER2"  && jtag_cable_name =~ "Digilent Nexys Video 210276723614B"} -index 0
dow C:/Users/10695/Desktop/proj5/proj5.sdk/echo_server/Debug/echo_server.elf
----------------End of Script----------------

22:20:10 INFO  : Context for processor 'microblaze_0' is selected.
22:20:10 INFO  : 'con' command is executed.
22:20:10 INFO  : ----------------XSDB Script (After Launch)----------------
targets -set -nocase -filter {name =~ "microblaze*#0" && bscan=="USER2"  && jtag_cable_name =~ "Digilent Nexys Video 210276723614B"} -index 0
con
----------------End of Script----------------

22:20:10 INFO  : Disconnected from the channel tcfchan#7.
22:21:21 INFO  : 'targets -set -filter {jtag_cable_name =~ "Digilent Nexys Video 210276723614B" && level==0} -index 0' command is executed.
22:21:21 INFO  : 'fpga -state' command is executed.
22:21:21 INFO  : Connected to target on host '127.0.0.1' and port '3121'.
22:21:21 INFO  : Jtag cable 'Digilent Nexys Video 210276723614B' is selected.
22:21:21 INFO  : 'jtag frequency' command is executed.
22:21:21 INFO  : 'configparams mdm-detect-bscan-mask 2' command is executed.
22:21:21 INFO  : Context for processor 'microblaze_0' is selected.
22:21:21 INFO  : Processor reset is completed for 'microblaze_0'.
22:21:21 INFO  : Context for processor 'microblaze_0' is selected.
22:21:22 INFO  : The application 'C:/Users/10695/Desktop/proj5/proj5.sdk/echo_server/Debug/echo_server.elf' is downloaded to processor 'microblaze_0'.
22:21:22 INFO  : ----------------XSDB Script----------------
connect -url tcp:127.0.0.1:3121
configparams mdm-detect-bscan-mask 2
targets -set -nocase -filter {name =~ "microblaze*#0" && bscan=="USER2"  && jtag_cable_name =~ "Digilent Nexys Video 210276723614B"} -index 0
rst -processor
targets -set -nocase -filter {name =~ "microblaze*#0" && bscan=="USER2"  && jtag_cable_name =~ "Digilent Nexys Video 210276723614B"} -index 0
dow C:/Users/10695/Desktop/proj5/proj5.sdk/echo_server/Debug/echo_server.elf
----------------End of Script----------------

22:21:22 INFO  : Context for processor 'microblaze_0' is selected.
22:21:22 INFO  : 'con' command is executed.
22:21:22 INFO  : ----------------XSDB Script (After Launch)----------------
targets -set -nocase -filter {name =~ "microblaze*#0" && bscan=="USER2"  && jtag_cable_name =~ "Digilent Nexys Video 210276723614B"} -index 0
con
----------------End of Script----------------

22:21:22 INFO  : Disconnected from the channel tcfchan#8.
22:25:55 INFO  : 'targets -set -filter {jtag_cable_name =~ "Digilent Nexys Video 210276723614B" && level==0} -index 0' command is executed.
22:25:55 INFO  : 'fpga -state' command is executed.
22:25:55 INFO  : Connected to target on host '127.0.0.1' and port '3121'.
22:25:55 INFO  : Jtag cable 'Digilent Nexys Video 210276723614B' is selected.
22:25:55 INFO  : 'jtag frequency' command is executed.
22:25:55 INFO  : 'configparams mdm-detect-bscan-mask 2' command is executed.
22:25:55 INFO  : Context for processor 'microblaze_0' is selected.
22:25:56 INFO  : Processor reset is completed for 'microblaze_0'.
22:25:56 INFO  : Context for processor 'microblaze_0' is selected.
22:25:56 INFO  : The application 'C:/Users/10695/Desktop/proj5/proj5.sdk/echo_server/Debug/echo_server.elf' is downloaded to processor 'microblaze_0'.
22:25:56 INFO  : ----------------XSDB Script----------------
connect -url tcp:127.0.0.1:3121
configparams mdm-detect-bscan-mask 2
targets -set -nocase -filter {name =~ "microblaze*#0" && bscan=="USER2"  && jtag_cable_name =~ "Digilent Nexys Video 210276723614B"} -index 0
rst -processor
targets -set -nocase -filter {name =~ "microblaze*#0" && bscan=="USER2"  && jtag_cable_name =~ "Digilent Nexys Video 210276723614B"} -index 0
dow C:/Users/10695/Desktop/proj5/proj5.sdk/echo_server/Debug/echo_server.elf
----------------End of Script----------------

22:25:56 INFO  : Context for processor 'microblaze_0' is selected.
22:25:56 INFO  : 'con' command is executed.
22:25:56 INFO  : ----------------XSDB Script (After Launch)----------------
targets -set -nocase -filter {name =~ "microblaze*#0" && bscan=="USER2"  && jtag_cable_name =~ "Digilent Nexys Video 210276723614B"} -index 0
con
----------------End of Script----------------

22:25:56 INFO  : Disconnected from the channel tcfchan#9.
22:26:32 INFO  : 'targets -set -filter {jtag_cable_name =~ "Digilent Nexys Video 210276723614B" && level==0} -index 0' command is executed.
22:26:32 INFO  : 'fpga -state' command is executed.
22:26:32 INFO  : Connected to target on host '127.0.0.1' and port '3121'.
22:26:32 INFO  : Jtag cable 'Digilent Nexys Video 210276723614B' is selected.
22:26:32 INFO  : 'jtag frequency' command is executed.
22:26:32 INFO  : 'configparams mdm-detect-bscan-mask 2' command is executed.
22:26:32 INFO  : Context for processor 'microblaze_0' is selected.
22:26:32 INFO  : Processor reset is completed for 'microblaze_0'.
22:26:33 INFO  : Context for processor 'microblaze_0' is selected.
22:26:33 INFO  : The application 'C:/Users/10695/Desktop/proj5/proj5.sdk/echo_server/Debug/echo_server.elf' is downloaded to processor 'microblaze_0'.
22:26:33 INFO  : ----------------XSDB Script----------------
connect -url tcp:127.0.0.1:3121
configparams mdm-detect-bscan-mask 2
targets -set -nocase -filter {name =~ "microblaze*#0" && bscan=="USER2"  && jtag_cable_name =~ "Digilent Nexys Video 210276723614B"} -index 0
rst -processor
targets -set -nocase -filter {name =~ "microblaze*#0" && bscan=="USER2"  && jtag_cable_name =~ "Digilent Nexys Video 210276723614B"} -index 0
dow C:/Users/10695/Desktop/proj5/proj5.sdk/echo_server/Debug/echo_server.elf
----------------End of Script----------------

22:26:33 INFO  : Context for processor 'microblaze_0' is selected.
22:26:33 INFO  : 'con' command is executed.
22:26:33 INFO  : ----------------XSDB Script (After Launch)----------------
targets -set -nocase -filter {name =~ "microblaze*#0" && bscan=="USER2"  && jtag_cable_name =~ "Digilent Nexys Video 210276723614B"} -index 0
con
----------------End of Script----------------

22:26:33 INFO  : Disconnected from the channel tcfchan#10.
22:28:22 INFO  : 'targets -set -filter {jtag_cable_name =~ "Digilent Nexys Video 210276723614B" && level==0} -index 0' command is executed.
22:28:22 INFO  : 'fpga -state' command is executed.
22:28:22 INFO  : Connected to target on host '127.0.0.1' and port '3121'.
22:28:22 INFO  : Jtag cable 'Digilent Nexys Video 210276723614B' is selected.
22:28:22 INFO  : 'jtag frequency' command is executed.
22:28:22 INFO  : 'configparams mdm-detect-bscan-mask 2' command is executed.
22:28:22 INFO  : Context for processor 'microblaze_0' is selected.
22:28:22 INFO  : Processor reset is completed for 'microblaze_0'.
22:28:22 INFO  : Context for processor 'microblaze_0' is selected.
22:28:23 INFO  : The application 'C:/Users/10695/Desktop/proj5/proj5.sdk/echo_server/Debug/echo_server.elf' is downloaded to processor 'microblaze_0'.
22:28:23 INFO  : ----------------XSDB Script----------------
connect -url tcp:127.0.0.1:3121
configparams mdm-detect-bscan-mask 2
targets -set -nocase -filter {name =~ "microblaze*#0" && bscan=="USER2"  && jtag_cable_name =~ "Digilent Nexys Video 210276723614B"} -index 0
rst -processor
targets -set -nocase -filter {name =~ "microblaze*#0" && bscan=="USER2"  && jtag_cable_name =~ "Digilent Nexys Video 210276723614B"} -index 0
dow C:/Users/10695/Desktop/proj5/proj5.sdk/echo_server/Debug/echo_server.elf
----------------End of Script----------------

22:28:23 INFO  : Context for processor 'microblaze_0' is selected.
22:28:23 INFO  : 'con' command is executed.
22:28:23 INFO  : ----------------XSDB Script (After Launch)----------------
targets -set -nocase -filter {name =~ "microblaze*#0" && bscan=="USER2"  && jtag_cable_name =~ "Digilent Nexys Video 210276723614B"} -index 0
con
----------------End of Script----------------

22:28:23 INFO  : Disconnected from the channel tcfchan#11.
22:29:28 INFO  : 'targets -set -filter {jtag_cable_name =~ "Digilent Nexys Video 210276723614B" && level==0} -index 0' command is executed.
22:29:28 INFO  : 'fpga -state' command is executed.
22:29:28 INFO  : Connected to target on host '127.0.0.1' and port '3121'.
22:29:28 INFO  : Jtag cable 'Digilent Nexys Video 210276723614B' is selected.
22:29:28 INFO  : 'jtag frequency' command is executed.
22:29:28 INFO  : 'configparams mdm-detect-bscan-mask 2' command is executed.
22:29:28 INFO  : Context for processor 'microblaze_0' is selected.
22:29:28 INFO  : Processor reset is completed for 'microblaze_0'.
22:29:28 INFO  : Context for processor 'microblaze_0' is selected.
22:29:29 INFO  : The application 'C:/Users/10695/Desktop/proj5/proj5.sdk/echo_server/Debug/echo_server.elf' is downloaded to processor 'microblaze_0'.
22:29:29 INFO  : ----------------XSDB Script----------------
connect -url tcp:127.0.0.1:3121
configparams mdm-detect-bscan-mask 2
targets -set -nocase -filter {name =~ "microblaze*#0" && bscan=="USER2"  && jtag_cable_name =~ "Digilent Nexys Video 210276723614B"} -index 0
rst -processor
targets -set -nocase -filter {name =~ "microblaze*#0" && bscan=="USER2"  && jtag_cable_name =~ "Digilent Nexys Video 210276723614B"} -index 0
dow C:/Users/10695/Desktop/proj5/proj5.sdk/echo_server/Debug/echo_server.elf
----------------End of Script----------------

22:29:29 INFO  : Context for processor 'microblaze_0' is selected.
22:29:29 INFO  : 'con' command is executed.
22:29:29 INFO  : ----------------XSDB Script (After Launch)----------------
targets -set -nocase -filter {name =~ "microblaze*#0" && bscan=="USER2"  && jtag_cable_name =~ "Digilent Nexys Video 210276723614B"} -index 0
con
----------------End of Script----------------

22:29:29 INFO  : Disconnected from the channel tcfchan#12.
22:30:45 INFO  : 'targets -set -filter {jtag_cable_name =~ "Digilent Nexys Video 210276723614B" && level==0} -index 0' command is executed.
22:30:45 INFO  : 'fpga -state' command is executed.
22:30:45 INFO  : Connected to target on host '127.0.0.1' and port '3121'.
22:30:46 INFO  : Jtag cable 'Digilent Nexys Video 210276723614B' is selected.
22:30:46 INFO  : 'jtag frequency' command is executed.
22:30:46 INFO  : 'configparams mdm-detect-bscan-mask 2' command is executed.
22:30:46 INFO  : Context for processor 'microblaze_0' is selected.
22:30:46 INFO  : Processor reset is completed for 'microblaze_0'.
22:30:46 INFO  : Context for processor 'microblaze_0' is selected.
22:30:46 INFO  : The application 'C:/Users/10695/Desktop/proj5/proj5.sdk/echo_server/Debug/echo_server.elf' is downloaded to processor 'microblaze_0'.
22:30:46 INFO  : ----------------XSDB Script----------------
connect -url tcp:127.0.0.1:3121
configparams mdm-detect-bscan-mask 2
targets -set -nocase -filter {name =~ "microblaze*#0" && bscan=="USER2"  && jtag_cable_name =~ "Digilent Nexys Video 210276723614B"} -index 0
rst -processor
targets -set -nocase -filter {name =~ "microblaze*#0" && bscan=="USER2"  && jtag_cable_name =~ "Digilent Nexys Video 210276723614B"} -index 0
dow C:/Users/10695/Desktop/proj5/proj5.sdk/echo_server/Debug/echo_server.elf
----------------End of Script----------------

22:30:46 INFO  : Context for processor 'microblaze_0' is selected.
22:30:46 INFO  : 'con' command is executed.
22:30:46 INFO  : ----------------XSDB Script (After Launch)----------------
targets -set -nocase -filter {name =~ "microblaze*#0" && bscan=="USER2"  && jtag_cable_name =~ "Digilent Nexys Video 210276723614B"} -index 0
con
----------------End of Script----------------

22:30:46 INFO  : Disconnected from the channel tcfchan#13.
22:33:33 INFO  : 'targets -set -filter {jtag_cable_name =~ "Digilent Nexys Video 210276723614B" && level==0} -index 0' command is executed.
22:33:33 INFO  : 'fpga -state' command is executed.
22:33:33 INFO  : Connected to target on host '127.0.0.1' and port '3121'.
22:33:33 INFO  : Jtag cable 'Digilent Nexys Video 210276723614B' is selected.
22:33:33 INFO  : 'jtag frequency' command is executed.
22:33:33 INFO  : 'configparams mdm-detect-bscan-mask 2' command is executed.
22:33:33 INFO  : Context for processor 'microblaze_0' is selected.
22:33:34 INFO  : Processor reset is completed for 'microblaze_0'.
22:33:34 INFO  : Context for processor 'microblaze_0' is selected.
22:33:34 INFO  : The application 'C:/Users/10695/Desktop/proj5/proj5.sdk/echo_server/Debug/echo_server.elf' is downloaded to processor 'microblaze_0'.
22:33:34 INFO  : ----------------XSDB Script----------------
connect -url tcp:127.0.0.1:3121
configparams mdm-detect-bscan-mask 2
targets -set -nocase -filter {name =~ "microblaze*#0" && bscan=="USER2"  && jtag_cable_name =~ "Digilent Nexys Video 210276723614B"} -index 0
rst -processor
targets -set -nocase -filter {name =~ "microblaze*#0" && bscan=="USER2"  && jtag_cable_name =~ "Digilent Nexys Video 210276723614B"} -index 0
dow C:/Users/10695/Desktop/proj5/proj5.sdk/echo_server/Debug/echo_server.elf
----------------End of Script----------------

22:33:34 INFO  : Context for processor 'microblaze_0' is selected.
22:33:34 INFO  : 'con' command is executed.
22:33:34 INFO  : ----------------XSDB Script (After Launch)----------------
targets -set -nocase -filter {name =~ "microblaze*#0" && bscan=="USER2"  && jtag_cable_name =~ "Digilent Nexys Video 210276723614B"} -index 0
con
----------------End of Script----------------

22:33:34 INFO  : Disconnected from the channel tcfchan#14.
10:35:39 INFO  : Registering command handlers for SDK TCF services
10:35:40 INFO  : Launching XSCT server: xsct.bat -interactive C:\Users\10695\Desktop\proj5\proj5.sdk\temp_xsdb_launch_script.tcl
10:35:42 INFO  : XSCT server has started successfully.
10:35:42 INFO  : Successfully done setting XSCT server connection channel  
10:35:42 INFO  : Successfully done setting SDK workspace  
10:35:42 INFO  : Processing command line option -hwspec C:/Users/10695/Desktop/proj5/proj5.sdk/lwip_server_wrapper.hdf.
10:35:42 INFO  : Checking for hwspec changes in the project lwip_server_wrapper_hw_platform_0.
10:37:29 INFO  : 'targets -set -filter {jtag_cable_name =~ "Digilent Nexys Video 210276723614B" && level==0} -index 0' command is executed.
10:37:29 INFO  : 'fpga -state' command is executed.
10:37:29 INFO  : Connected to target on host '127.0.0.1' and port '3121'.
10:37:29 INFO  : Jtag cable 'Digilent Nexys Video 210276723614B' is selected.
10:37:29 INFO  : 'jtag frequency' command is executed.
10:37:29 INFO  : 'configparams mdm-detect-bscan-mask 2' command is executed.
10:37:29 INFO  : Context for processor 'microblaze_0' is selected.
10:37:29 INFO  : Processor reset is completed for 'microblaze_0'.
10:37:29 INFO  : Context for processor 'microblaze_0' is selected.
10:37:30 INFO  : The application 'C:/Users/10695/Desktop/proj5/proj5.sdk/echo_server/Debug/echo_server.elf' is downloaded to processor 'microblaze_0'.
10:37:30 INFO  : ----------------XSDB Script----------------
connect -url tcp:127.0.0.1:3121
configparams mdm-detect-bscan-mask 2
targets -set -nocase -filter {name =~ "microblaze*#0" && bscan=="USER2"  && jtag_cable_name =~ "Digilent Nexys Video 210276723614B"} -index 0
rst -processor
targets -set -nocase -filter {name =~ "microblaze*#0" && bscan=="USER2"  && jtag_cable_name =~ "Digilent Nexys Video 210276723614B"} -index 0
dow C:/Users/10695/Desktop/proj5/proj5.sdk/echo_server/Debug/echo_server.elf
----------------End of Script----------------

10:37:30 INFO  : Context for processor 'microblaze_0' is selected.
10:37:30 INFO  : 'con' command is executed.
10:37:30 INFO  : ----------------XSDB Script (After Launch)----------------
targets -set -nocase -filter {name =~ "microblaze*#0" && bscan=="USER2"  && jtag_cable_name =~ "Digilent Nexys Video 210276723614B"} -index 0
con
----------------End of Script----------------

10:37:30 INFO  : Disconnected from the channel tcfchan#1.
12:34:48 INFO  : Registering command handlers for SDK TCF services
12:34:48 INFO  : Launching XSCT server: xsct.bat -interactive C:\Users\10695\Desktop\proj5\proj5.sdk\temp_xsdb_launch_script.tcl
12:34:49 INFO  : XSCT server has started successfully.
12:34:49 INFO  : Successfully done setting XSCT server connection channel  
12:34:49 INFO  : Successfully done setting SDK workspace  
12:34:49 INFO  : Processing command line option -hwspec C:/Users/10695/Desktop/proj5/proj5.sdk/lwip_server_wrapper.hdf.
12:34:49 INFO  : Checking for hwspec changes in the project lwip_server_wrapper_hw_platform_0.
12:35:17 INFO  : 'targets -set -filter {jtag_cable_name =~ "Digilent Nexys Video 210276723614B" && level==0} -index 0' command is executed.
12:35:17 INFO  : 'fpga -state' command is executed.
12:35:39 INFO  : 'targets -set -filter {jtag_cable_name =~ "Digilent Nexys Video 210276723614B" && level==0} -index 0' command is executed.
12:35:39 INFO  : 'fpga -state' command is executed.
12:36:43 INFO  : Registering command handlers for SDK TCF services
12:36:44 INFO  : Launching XSCT server: xsct.bat -interactive C:\Users\10695\Desktop\proj5\proj5.sdk\temp_xsdb_launch_script.tcl
12:36:45 INFO  : XSCT server has started successfully.
12:36:45 INFO  : Successfully done setting XSCT server connection channel  
12:36:45 INFO  : Successfully done setting SDK workspace  
12:36:45 INFO  : Processing command line option -hwspec C:/Users/10695/Desktop/proj5/proj5.sdk/lwip_server_wrapper.hdf.
12:36:45 INFO  : Checking for hwspec changes in the project lwip_server_wrapper_hw_platform_0.
12:37:29 INFO  : 'targets -set -filter {jtag_cable_name =~ "Digilent Nexys Video 210276723614B" && level==0} -index 0' command is executed.
12:37:29 INFO  : 'fpga -state' command is executed.
12:37:29 INFO  : Connected to target on host '127.0.0.1' and port '3121'.
12:37:29 INFO  : Jtag cable 'Digilent Nexys Video 210276723614B' is selected.
12:37:29 INFO  : 'jtag frequency' command is executed.
12:37:29 INFO  : 'configparams mdm-detect-bscan-mask 2' command is executed.
12:37:29 INFO  : Context for processor 'microblaze_0' is selected.
12:37:29 INFO  : Processor reset is completed for 'microblaze_0'.
12:37:30 INFO  : Context for processor 'microblaze_0' is selected.
12:37:30 INFO  : The application 'C:/Users/10695/Desktop/proj5/proj5.sdk/echo_server/Debug/echo_server.elf' is downloaded to processor 'microblaze_0'.
12:37:30 INFO  : ----------------XSDB Script----------------
connect -url tcp:127.0.0.1:3121
configparams mdm-detect-bscan-mask 2
targets -set -nocase -filter {name =~ "microblaze*#0" && bscan=="USER2"  && jtag_cable_name =~ "Digilent Nexys Video 210276723614B"} -index 0
rst -processor
targets -set -nocase -filter {name =~ "microblaze*#0" && bscan=="USER2"  && jtag_cable_name =~ "Digilent Nexys Video 210276723614B"} -index 0
dow C:/Users/10695/Desktop/proj5/proj5.sdk/echo_server/Debug/echo_server.elf
----------------End of Script----------------

12:37:30 INFO  : Context for processor 'microblaze_0' is selected.
12:37:30 INFO  : 'con' command is executed.
12:37:30 INFO  : ----------------XSDB Script (After Launch)----------------
targets -set -nocase -filter {name =~ "microblaze*#0" && bscan=="USER2"  && jtag_cable_name =~ "Digilent Nexys Video 210276723614B"} -index 0
con
----------------End of Script----------------

12:37:30 INFO  : Disconnected from the channel tcfchan#1.
